Arguments: 
  /usr/local/bin/node /usr/local/bin/yarn add rollup typescript rollup-plugin-typescript2 @rollup/plugin-node-resolve @rollup/plugin-commonjs -D

PATH: 
  /Users/g2/Library/pnpm:/opt/homebrew/bin:/opt/homebrew/sbin:/usr/local/bin:/usr/bin:/bin:/usr/sbin:/sbin:/usr/local/sbin:/Library/Apple/usr/bin:/Applications/Privileges.app/Contents/Resources

Yarn version: 
  1.22.10

Node version: 
  16.15.1

Platform: 
  darwin arm64

Trace: 
  SyntaxError: /Users/g2/component-stats-webpack-plugin/package.json: Unexpected token } in JSON at position 343
      at JSON.parse (<anonymous>)
      at /usr/local/lib/node_modules/yarn/lib/cli.js:1625:59
      at Generator.next (<anonymous>)
      at step (/usr/local/lib/node_modules/yarn/lib/cli.js:310:30)
      at /usr/local/lib/node_modules/yarn/lib/cli.js:321:13

npm manifest: 
  {
    "name": "component-stats-webpack-plugin",
    "version": "1.0.0",
    "description": "用于统计三方包或者指定路径下组件的引用和使用次数.",
    "main": "dist/index.js",
    "module": "esm/index.js",
    "types": "esm/main.d.ts",
    "author": "orange17",
    "license": "MIT",
    "scripts": {
      "build": "rollup -c",
      "test": "echo \"Error: no test specified\" && exit 1",
    }
  }

yarn manifest: 
  No manifest

Lockfile: 
  No lockfile
